********* Job Starts *********
Thu Oct 12 07:53:32 PM EDT 2023
[1] "/dcs04/lieber/marmaypag/ls_molecular-profiling_LIBD1070/ls_molecular-profiling"
Loading objects:
  sce
[1] "Subsetting for sample 1c_LS_SCP"
[1] "Ranking barcodes for sample 1c_LS_SCP"
[1] "Starting emptyDrops"
[1] "Done - saving data"
[1] "Subsetting for sample 2c_LS_SCP"
[1] "Ranking barcodes for sample 2c_LS_SCP"
[1] "Starting emptyDrops"
[1] "Done - saving data"
[1] "Subsetting for sample 3c_LS_SCP"
[1] "Ranking barcodes for sample 3c_LS_SCP"
[1] "Starting emptyDrops"
[1] "Done - saving data"
[1] "Reproducibility information:"
[1] "2023-10-12 20:24:55 EDT"
    user   system  elapsed 
1861.181   10.709 1882.025 
─ Session info ───────────────────────────────────────────────────────────────────────────────────────────────────────
 setting  value
 version  R version 4.3.1 Patched (2023-07-19 r84711)
 os       Rocky Linux 9.2 (Blue Onyx)
 system   x86_64, linux-gnu
 ui       X11
 language (EN)
 collate  en_US.UTF-8
 ctype    en_US.UTF-8
 tz       America/New_York
 date     2023-10-12
 pandoc   3.1.3 @ /jhpce/shared/community/core/conda_R/4.3/bin/pandoc

─ Packages ───────────────────────────────────────────────────────────────────────────────────────────────────────────
 package              * version   date (UTC) lib source
 abind                  1.4-5     2016-07-21 [2] CRAN (R 4.3.1)
 beachmat               2.16.0    2023-04-25 [2] Bioconductor
 Biobase              * 2.60.0    2023-04-25 [2] Bioconductor
 BiocGenerics         * 0.46.0    2023-04-25 [2] Bioconductor
 BiocParallel           1.34.2    2023-05-22 [2] Bioconductor
 bitops                 1.0-7     2021-04-24 [2] CRAN (R 4.3.1)
 cli                    3.6.1     2023-03-23 [2] CRAN (R 4.3.1)
 codetools              0.2-19    2023-02-01 [3] CRAN (R 4.3.1)
 colorspace             2.1-0     2023-01-23 [2] CRAN (R 4.3.1)
 crayon                 1.5.2     2022-09-29 [2] CRAN (R 4.3.1)
 DelayedArray           0.26.7    2023-07-28 [2] Bioconductor
 DelayedMatrixStats     1.22.6    2023-08-28 [2] Bioconductor
 dplyr                * 1.1.3     2023-09-03 [2] CRAN (R 4.3.1)
 dqrng                  0.3.1     2023-08-30 [2] CRAN (R 4.3.1)
 DropletUtils         * 1.20.0    2023-04-25 [2] Bioconductor
 edgeR                  3.42.4    2023-05-31 [2] Bioconductor
 fansi                  1.0.4     2023-01-22 [2] CRAN (R 4.3.1)
 farver                 2.1.1     2022-07-06 [2] CRAN (R 4.3.1)
 forcats              * 1.0.0     2023-01-29 [2] CRAN (R 4.3.1)
 generics               0.1.3     2022-07-05 [2] CRAN (R 4.3.1)
 GenomeInfoDb         * 1.36.3    2023-09-07 [2] Bioconductor
 GenomeInfoDbData       1.2.10    2023-07-20 [2] Bioconductor
 GenomicRanges        * 1.52.0    2023-04-25 [2] Bioconductor
 ggplot2              * 3.4.3     2023-08-14 [2] CRAN (R 4.3.1)
 glue                   1.6.2     2022-02-24 [2] CRAN (R 4.3.1)
 gtable                 0.3.4     2023-08-21 [2] CRAN (R 4.3.1)
 HDF5Array              1.28.1    2023-05-01 [2] Bioconductor
 here                 * 1.0.1     2020-12-13 [2] CRAN (R 4.3.1)
 hms                    1.1.3     2023-03-21 [2] CRAN (R 4.3.1)
 IRanges              * 2.34.1    2023-06-22 [2] Bioconductor
 lattice                0.21-8    2023-04-05 [3] CRAN (R 4.3.1)
 lifecycle              1.0.3     2022-10-07 [2] CRAN (R 4.3.1)
 limma                  3.56.2    2023-06-04 [2] Bioconductor
 locfit                 1.5-9.8   2023-06-11 [2] CRAN (R 4.3.1)
 lubridate            * 1.9.2     2023-02-10 [2] CRAN (R 4.3.1)
 magrittr               2.0.3     2022-03-30 [2] CRAN (R 4.3.1)
 Matrix                 1.6-1.1   2023-09-18 [3] CRAN (R 4.3.1)
 MatrixGenerics       * 1.12.3    2023-07-30 [2] Bioconductor
 matrixStats          * 1.0.0     2023-06-02 [2] CRAN (R 4.3.1)
 munsell                0.5.0     2018-06-12 [2] CRAN (R 4.3.1)
 pillar                 1.9.0     2023-03-22 [2] CRAN (R 4.3.1)
 pkgconfig              2.0.3     2019-09-22 [2] CRAN (R 4.3.1)
 purrr                * 1.0.2     2023-08-10 [2] CRAN (R 4.3.1)
 R.methodsS3            1.8.2     2022-06-13 [2] CRAN (R 4.3.1)
 R.oo                   1.25.0    2022-06-12 [2] CRAN (R 4.3.1)
 R.utils                2.12.2    2022-11-11 [2] CRAN (R 4.3.1)
 R6                     2.5.1     2021-08-19 [2] CRAN (R 4.3.1)
 ragg                   1.2.5     2023-01-12 [2] CRAN (R 4.3.1)
 Rcpp                   1.0.11    2023-07-06 [2] CRAN (R 4.3.1)
 RCurl                  1.98-1.12 2023-03-27 [2] CRAN (R 4.3.1)
 readr                * 2.1.4     2023-02-10 [2] CRAN (R 4.3.1)
 rhdf5                  2.44.0    2023-04-25 [2] Bioconductor
 rhdf5filters           1.12.1    2023-04-30 [2] Bioconductor
 Rhdf5lib               1.22.1    2023-09-10 [2] Bioconductor
 rlang                  1.1.1     2023-04-28 [2] CRAN (R 4.3.1)
 rprojroot              2.0.3     2022-04-02 [2] CRAN (R 4.3.1)
 S4Arrays               1.0.6     2023-08-30 [2] Bioconductor
 S4Vectors            * 0.38.1    2023-05-02 [2] Bioconductor
 scales                 1.2.1     2022-08-20 [2] CRAN (R 4.3.1)
 scuttle              * 1.10.2    2023-08-03 [2] Bioconductor
 sessioninfo          * 1.2.2     2021-12-06 [2] CRAN (R 4.3.1)
 SingleCellExperiment * 1.22.0    2023-04-25 [2] Bioconductor
 sparseMatrixStats      1.12.2    2023-07-02 [2] Bioconductor
 stringi                1.7.12    2023-01-11 [2] CRAN (R 4.3.1)
 stringr              * 1.5.0     2022-12-02 [2] CRAN (R 4.3.1)
 SummarizedExperiment * 1.30.2    2023-06-06 [2] Bioconductor
 systemfonts            1.0.4     2022-02-11 [2] CRAN (R 4.3.1)
 textshaping            0.3.6     2021-10-13 [2] CRAN (R 4.3.1)
 tibble               * 3.2.1     2023-03-20 [2] CRAN (R 4.3.1)
 tidyr                * 1.3.0     2023-01-24 [2] CRAN (R 4.3.1)
 tidyselect             1.2.0     2022-10-10 [2] CRAN (R 4.3.1)
 tidyverse            * 2.0.0     2023-02-22 [2] CRAN (R 4.3.1)
 timechange             0.2.0     2023-01-11 [2] CRAN (R 4.3.1)
 tzdb                   0.4.0     2023-05-12 [2] CRAN (R 4.3.1)
 utf8                   1.2.3     2023-01-31 [2] CRAN (R 4.3.1)
 vctrs                  0.6.3     2023-06-14 [2] CRAN (R 4.3.1)
 withr                  2.5.0     2022-03-03 [2] CRAN (R 4.3.1)
 XVector                0.40.0    2023-04-25 [2] Bioconductor
 zlibbioc               1.46.0    2023-04-25 [2] Bioconductor

 [1] /users/rphillip/R/4.3
 [2] /jhpce/shared/community/core/conda_R/4.3/R/lib64/R/site-library
 [3] /jhpce/shared/community/core/conda_R/4.3/R/lib64/R/library

──────────────────────────────────────────────────────────────────────────────────────────────────────────────────────
********* Job Ends *********
Thu Oct 12 08:24:58 PM EDT 2023
